RUN	aswes1b.es1b	es1b	1588531448800	 	3.3.1
USER	es1b	1	START	1588531449647	1588531449647
REQUEST	1		request_0	1588531449669	1588531449683	OK	 
REQUEST	1		favicon.ico	1588531449754	1588531449759	OK	 
REQUEST	1		bundle.js	1588531449754	1588531449792	OK	 
REQUEST	1		request_3	1588531449761	1588531449796	OK	 
REQUEST	1		request_1	1588531449756	1588531449798	OK	 
REQUEST	1		main.chunk.js	1588531449755	1588531449801	OK	 
REQUEST	1		request_7	1588531449801	1588531449853	OK	 
REQUEST	1		request_5	1588531449796	1588531449855	OK	 
REQUEST	1		request_6	1588531449798	1588531449856	OK	 
REQUEST	1		request_8	1588531449854	1588531449901	OK	 
REQUEST	1		request_4	1588531449793	1588531450283	OK	 
REQUEST	1		0.chunk.js	1588531449755	1588531450296	OK	 
REQUEST	1		request_2	1588531449756	1588531450298	OK	 
REQUEST	1		request_9	1588531452317	1588531452701	OK	 
REQUEST	1		request_9 Redirect 1	1588531452707	1588531452859	OK	 
REQUEST	1		solid.css	1588531452885	1588531453395	OK	 
REQUEST	1		bootstrap.min.css	1588531452885	1588531453443	OK	 
REQUEST	1		request_10	1588531464463	1588531465052	OK	 
REQUEST	1		request_10 Redirect 1	1588531465067	1588531465330	OK	 
REQUEST	1		request_10 Redirect 2	1588531465332	1588531465687	OK	 
REQUEST	1		request_10 Redirect 3	1588531465689	1588531466517	OK	 
REQUEST	1		request_11	1588531466526	1588531466531	OK	 
REQUEST	1		request_12	1588531466526	1588531466532	OK	 
REQUEST	1		request_14	1588531466527	1588531466534	OK	 
REQUEST	1		request_13	1588531466526	1588531466535	OK	 
REQUEST	1		request_15	1588531466527	1588531466536	OK	 
REQUEST	1		request_16	1588531466527	1588531466538	OK	 
REQUEST	1		request_21	1588531466537	1588531466540	OK	 
REQUEST	1		request_17	1588531466532	1588531466580	OK	 
REQUEST	1		request_18	1588531466533	1588531466580	OK	 
REQUEST	1		request_19	1588531466534	1588531466581	OK	 
REQUEST	1		request_20	1588531466536	1588531466582	OK	 
REQUEST	1		request_24	1588531466539	1588531466584	OK	 
REQUEST	1		request_25	1588531469587	1588531469590	OK	 
REQUEST	1		request_26	1588531470586	1588531470589	OK	 
REQUEST	1		request_27	1588531476597	1588531476601	OK	 
REQUEST	1		request_33	1588531476612	1588531476616	OK	 
REQUEST	1		request_31	1588531476611	1588531476617	OK	 
REQUEST	1		request_32	1588531476611	1588531476618	OK	 
REQUEST	1		request_30	1588531476610	1588531476660	OK	 
REQUEST	1		request_34	1588531476610	1588531477393	OK	 
REQUEST	1		request_28	1588531476613	1588531477580	OK	 
REQUEST	1		request_35	1588531476613	1588531477836	OK	 
REQUEST	1		request_29	1588531476609	1588531478449	OK	 
REQUEST	1		request_36	1588531487446	1588531487752	OK	 
REQUEST	1		request_43	1588531487769	1588531488672	OK	 
REQUEST	1		request_53	1588531487769	1588531488676	OK	 
REQUEST	1		request_48	1588531487768	1588531489130	KO	status.find.is(502), but actually found 200
REQUEST	1		request_42	1588531487765	1588531489252	KO	status.find.is(502), but actually found 200
REQUEST	1		request_51	1588531487764	1588531489323	KO	status.find.is(502), but actually found 200
REQUEST	1		request_46	1588531487763	1588531489329	KO	status.find.is(502), but actually found 200
REQUEST	1		request_40	1588531487768	1588531489403	KO	status.find.is(502), but actually found 200
REQUEST	1		request_47	1588531487766	1588531489551	KO	status.find.is(502), but actually found 200
REQUEST	1		request_52	1588531487766	1588531489691	KO	status.find.is(502), but actually found 200
REQUEST	1		request_44	1588531487765	1588531489720	KO	status.find.is(502), but actually found 200
REQUEST	1		request_38	1588531487767	1588531489770	KO	status.find.is(502), but actually found 200
REQUEST	1		request_55	1588531487764	1588531489773	KO	status.find.is(502), but actually found 200
REQUEST	1		request_39	1588531487762	1588531489777	KO	status.find.is(502), but actually found 200
REQUEST	1		request_54	1588531487766	1588531489826	KO	status.find.is(502), but actually found 200
REQUEST	1		request_45	1588531487763	1588531489833	KO	status.find.is(502), but actually found 200
REQUEST	1		request_41	1588531487768	1588531489850	KO	status.find.is(502), but actually found 200
REQUEST	1		request_49	1588531487766	1588531489861	KO	status.find.is(502), but actually found 200
REQUEST	1		request_37	1588531487767	1588531489878	KO	status.find.is(502), but actually found 200
REQUEST	1		request_50	1588531487764	1588531489880	KO	status.find.is(502), but actually found 200
REQUEST	1		request_56	1588531491887	1588531492331	OK	 
REQUEST	1		request_57	1588531492334	1588531492808	OK	 
REQUEST	1		request_58	1588531500806	1588531501523	OK	 
REQUEST	1		request_59	1588531501532	1588531505244	OK	 
REQUEST	1		request_60	1588531501530	1588531505246	OK	 
REQUEST	1		request_64	1588531501532	1588531505377	OK	 
REQUEST	1		request_63	1588531501531	1588531506927	OK	 
REQUEST	1		request_62	1588531501531	1588531507035	OK	 
REQUEST	1		request_61	1588531501531	1588531508161	OK	 
REQUEST	1		request_65	1588531509166	1588531509171	OK	 
REQUEST	1		request_66	1588531509182	1588531509184	OK	 
REQUEST	1		request_71	1588531509183	1588531509186	OK	 
REQUEST	1		request_67	1588531509182	1588531509187	OK	 
REQUEST	1		request_68	1588531509182	1588531509188	OK	 
REQUEST	1		request_69	1588531509183	1588531509188	OK	 
REQUEST	1		request_70	1588531509183	1588531509188	OK	 
REQUEST	1		request_90	1588531509180	1588531512119	OK	 
REQUEST	1		request_85	1588531509181	1588531512299	OK	 
REQUEST	1		request_94	1588531509182	1588531512306	OK	 
REQUEST	1		request_93	1588531509181	1588531512407	OK	 
REQUEST	1		request_92	1588531509181	1588531512410	OK	 
REQUEST	1		request_96	1588531514406	1588531514410	OK	 
REQUEST	1		request_97	1588531514415	1588531520871	OK	 
REQUEST	1		request_98	1588531514414	1588531522391	OK	 
REQUEST	1		request_99	1588531514413	1588531522607	OK	 
REQUEST	1		request_100	1588531525616	1588531525619	OK	 
REQUEST	1		request_101	1588531525622	1588531526149	OK	 
REQUEST	1		request_102	1588531548146	1588531548480	OK	 
REQUEST	1		request_104	1588531548487	1588531548676	OK	 
REQUEST	1		request_105	1588531548489	1588531549001	OK	 
REQUEST	1		request_107	1588531548492	1588531549036	OK	 
REQUEST	1		request_106	1588531548490	1588531549187	OK	 
REQUEST	1		request_103	1588531548494	1588531549658	OK	 
REQUEST	1		request_108	1588531548496	1588531550471	OK	 
REQUEST	1		request_118	1588531558476	1588531558484	OK	 
REQUEST	1		request_119	1588531559486	1588531560089	OK	 
REQUEST	1		request_119 Redirect 1	1588531560091	1588531560705	OK	 
REQUEST	1		request_120	1588531560709	1588531560712	OK	 
REQUEST	1		request_121	1588531560709	1588531560713	OK	 
REQUEST	1		request_122	1588531560710	1588531560714	OK	 
REQUEST	1		bootstrap.min.css	1588531560710	1588531560788	OK	 
REQUEST	1		auth-buttons.js	1588531560711	1588531561010	OK	 
REQUEST	1		solid.css	1588531560711	1588531561058	OK	 
REQUEST	1		solid-auth-client.bundle.js	1588531560711	1588531562958	OK	 
USER	es1b	1	END	1588531449647	1588531562972
