RUN	aswes1b.downloadRoutes	downloadroutes	1588530860102	 	3.3.1
USER	downloadRoutes	1	START	1588530860845	1588530860845
REQUEST	1		request_0	1588530860876	1588530860889	OK	 
REQUEST	1		favicon.ico	1588530860958	1588530860964	OK	 
REQUEST	1		bundle.js	1588530860959	1588530860999	OK	 
REQUEST	1		request_3	1588530860967	1588530861002	OK	 
REQUEST	1		request_1	1588530860961	1588530861003	OK	 
REQUEST	1		main.chunk.js	1588530860961	1588530861007	OK	 
REQUEST	1		0.chunk.js	1588530860960	1588530861451	OK	 
REQUEST	1		request_2	1588530860962	1588530861462	OK	 
REQUEST	1		request_4	1588530862484	1588530862934	OK	 
REQUEST	1		request_5	1588530862936	1588530862939	OK	 
REQUEST	1		request_6	1588530862937	1588530862941	OK	 
REQUEST	1		request_7	1588530862937	1588530862942	OK	 
REQUEST	1		request_8	1588530862938	1588530862942	OK	 
REQUEST	1		request_9	1588530866945	1588530867251	OK	 
REQUEST	1		request_9 Redirect 1	1588530867254	1588530867382	OK	 
REQUEST	1		bootstrap.min.css	1588530867425	1588530868022	OK	 
REQUEST	1		solid.css	1588530867425	1588530868093	OK	 
REQUEST	1		request_10	1588530876101	1588530876672	OK	 
REQUEST	1		request_10 Redirect 1	1588530876699	1588530876948	OK	 
REQUEST	1		request_10 Redirect 2	1588530876950	1588530877161	OK	 
REQUEST	1		request_10 Redirect 3	1588530877163	1588530877574	OK	 
REQUEST	1		request_11	1588530877594	1588530877599	OK	 
REQUEST	1		request_12	1588530877594	1588530877601	OK	 
REQUEST	1		request_13	1588530877595	1588530877602	OK	 
REQUEST	1		request_14	1588530877595	1588530877603	OK	 
REQUEST	1		request_15	1588530877595	1588530877605	OK	 
REQUEST	1		request_16	1588530877595	1588530877606	OK	 
REQUEST	1		request_17	1588530877600	1588530877644	OK	 
REQUEST	1		request_18	1588530877601	1588530877645	OK	 
REQUEST	1		request_19	1588530877603	1588530877648	OK	 
REQUEST	1		request_20	1588530877604	1588530877649	OK	 
REQUEST	1		request_21	1588530877606	1588530877649	OK	 
REQUEST	1		request_23	1588530877607	1588530877652	OK	 
REQUEST	1		request_26	1588530877645	1588530877689	OK	 
REQUEST	1		request_25	1588530877593	1588530878094	OK	 
REQUEST	1		request_27	1588530880104	1588530880109	OK	 
REQUEST	1		request_31	1588530880120	1588530880121	OK	 
REQUEST	1		request_28	1588530880119	1588530880122	OK	 
REQUEST	1		request_29	1588530880119	1588530880123	OK	 
REQUEST	1		request_30	1588530880119	1588530880123	OK	 
REQUEST	1		request_41	1588530880114	1588530880930	OK	 
REQUEST	1		request_42	1588530880116	1588530881015	OK	 
REQUEST	1		request_36	1588530880115	1588530881244	OK	 
REQUEST	1		request_43	1588530880118	1588530881400	OK	 
REQUEST	1		request_44	1588530880114	1588530881420	OK	 
REQUEST	1		request_45	1588530880114	1588530881432	OK	 
REQUEST	1		request_35	1588530880118	1588530881439	OK	 
REQUEST	1		request_40	1588530880116	1588530881525	OK	 
REQUEST	1		request_32	1588530880117	1588530881757	OK	 
REQUEST	1		request_37	1588530880113	1588530881761	OK	 
REQUEST	1		request_33	1588530880115	1588530882023	OK	 
REQUEST	1		request_38	1588530880116	1588530882185	OK	 
REQUEST	1		request_39	1588530880118	1588530882234	OK	 
REQUEST	1		request_34	1588530880117	1588530883459	OK	 
REQUEST	1		request_46	1588530884455	1588530885794	OK	 
REQUEST	1		request_164	1588530885833	1588530885840	OK	 
REQUEST	1		request_48	1588530885834	1588530888318	OK	 
REQUEST	1		request_50	1588530885834	1588530889345	OK	 
REQUEST	1		request_54	1588530888319	1588530891615	OK	 
REQUEST	1		request_53	1588530885835	1588530891651	OK	 
REQUEST	1		request_47	1588530885833	1588530891850	OK	 
REQUEST	1		request_55	1588530889346	1588530891911	OK	 
REQUEST	1		request_52	1588530885835	1588530891956	OK	 
REQUEST	1		request_51	1588530885835	1588530892099	OK	 
REQUEST	1		request_57	1588530891652	1588530892273	OK	 
REQUEST	1		request_49	1588530885834	1588530892290	OK	 
REQUEST	1		request_58	1588530891912	1588530892336	OK	 
REQUEST	1		request_59	1588530891957	1588530892369	OK	 
REQUEST	1		request_60	1588530892100	1588530892545	OK	 
REQUEST	1		request_56	1588530891617	1588530892668	OK	 
REQUEST	1		request_65	1588530892547	1588530892734	OK	 
REQUEST	1		request_67	1588530892735	1588530892952	OK	 
REQUEST	1		request_62	1588530892291	1588530892957	OK	 
REQUEST	1		request_61	1588530892274	1588530892960	OK	 
REQUEST	1		request_63	1588530892337	1588530893260	OK	 
REQUEST	1		request_64	1588530892370	1588530893272	OK	 
REQUEST	1		request_66	1588530892669	1588530893299	OK	 
REQUEST	1		request_68	1588530892953	1588530893934	OK	 
REQUEST	1		request_69	1588530892958	1588530893938	OK	 
REQUEST	1		request_70	1588530892961	1588530893967	OK	 
REQUEST	1		request_73	1588530893301	1588530894330	OK	 
REQUEST	1		request_75	1588530893939	1588530894332	OK	 
REQUEST	1		request_74	1588530893935	1588530894338	OK	 
REQUEST	1		request_76	1588530893969	1588530894343	OK	 
REQUEST	1		request_78	1588530894333	1588530894492	OK	 
REQUEST	1		request_77	1588530894331	1588530894499	OK	 
REQUEST	1		request_71	1588530893261	1588530894506	OK	 
REQUEST	1		request_72	1588530893274	1588530894520	OK	 
REQUEST	1		request_84	1588530894522	1588530894616	OK	 
REQUEST	1		request_83	1588530894507	1588530894620	OK	 
REQUEST	1		request_79	1588530894338	1588530894962	OK	 
REQUEST	1		request_80	1588530894343	1588530894965	OK	 
REQUEST	1		request_82	1588530894501	1588530895036	OK	 
REQUEST	1		request_81	1588530894494	1588530895039	OK	 
REQUEST	1		request_87	1588530894964	1588530895276	OK	 
REQUEST	1		request_86	1588530894621	1588530895357	OK	 
REQUEST	1		request_85	1588530894617	1588530895410	OK	 
REQUEST	1		request_92	1588530895359	1588530895442	OK	 
REQUEST	1		request_90	1588530895040	1588530895459	OK	 
REQUEST	1		request_88	1588530894966	1588530895461	OK	 
REQUEST	1		request_89	1588530895038	1588530895472	OK	 
REQUEST	1		request_91	1588530895277	1588530895487	OK	 
REQUEST	1		request_93	1588530895411	1588530895675	OK	 
REQUEST	1		request_94	1588530895443	1588530895829	OK	 
REQUEST	1		request_98	1588530895488	1588530896054	OK	 
REQUEST	1		request_97	1588530895474	1588530896095	OK	 
REQUEST	1		request_96	1588530895463	1588530896098	OK	 
REQUEST	1		request_95	1588530895460	1588530896125	OK	 
REQUEST	1		request_99	1588530895677	1588530896257	OK	 
REQUEST	1		request_101	1588530896055	1588530896479	OK	 
REQUEST	1		request_100	1588530895830	1588530896492	OK	 
REQUEST	1		request_102	1588530896097	1588530896591	OK	 
REQUEST	1		request_103	1588530896099	1588530896817	OK	 
REQUEST	1		request_104	1588530896126	1588530896822	OK	 
REQUEST	1		request_105	1588530896258	1588530897081	OK	 
REQUEST	1		request_107	1588530896493	1588530897110	OK	 
REQUEST	1		request_106	1588530896480	1588530897127	OK	 
REQUEST	1		request_108	1588530896593	1588530897184	OK	 
REQUEST	1		request_110	1588530896824	1588530897634	OK	 
REQUEST	1		request_109	1588530896818	1588530897656	OK	 
REQUEST	1		request_111	1588530897082	1588530898182	OK	 
REQUEST	1		request_113	1588530897128	1588530898207	OK	 
REQUEST	1		request_114	1588530897185	1588530898235	OK	 
REQUEST	1		request_112	1588530897112	1588530898253	OK	 
REQUEST	1		request_116	1588530897660	1588530898532	OK	 
REQUEST	1		request_115	1588530897635	1588530898607	OK	 
REQUEST	1		request_119	1588530898236	1588530899153	OK	 
REQUEST	1		request_118	1588530898209	1588530899238	OK	 
REQUEST	1		request_120	1588530898255	1588530899250	OK	 
REQUEST	1		request_117	1588530898184	1588530899274	OK	 
REQUEST	1		request_122	1588530898609	1588530899547	OK	 
REQUEST	1		request_121	1588530898534	1588530899583	OK	 
REQUEST	1		request_123	1588530899155	1588530899617	OK	 
REQUEST	1		request_126	1588530899251	1588530899643	OK	 
REQUEST	1		request_124	1588530899240	1588530899890	OK	 
REQUEST	1		request_127	1588530899276	1588530899916	OK	 
REQUEST	1		request_128	1588530899548	1588530900173	OK	 
REQUEST	1		request_131	1588530899644	1588530900185	OK	 
REQUEST	1		request_133	1588530899917	1588530900255	OK	 
REQUEST	1		request_129	1588530899584	1588530900571	OK	 
REQUEST	1		request_136	1588530900257	1588530900582	OK	 
REQUEST	1		request_137	1588530900572	1588530900734	OK	 
REQUEST	1		request_130	1588530899618	1588530900753	OK	 
REQUEST	1		request_132	1588530899891	1588530900839	OK	 
REQUEST	1		request_134	1588530900175	1588530901007	OK	 
REQUEST	1		request_135	1588530900186	1588530901019	OK	 
REQUEST	1		request_139	1588530900735	1588530901067	OK	 
REQUEST	1		request_140	1588530900755	1588530901182	OK	 
REQUEST	1		request_138	1588530900583	1588530901303	OK	 
REQUEST	1		request_142	1588530901009	1588530901314	OK	 
REQUEST	1		request_141	1588530900840	1588530901499	OK	 
REQUEST	1		request_146	1588530901304	1588530901522	OK	 
REQUEST	1		request_144	1588530901068	1588530901824	OK	 
REQUEST	1		request_143	1588530901020	1588530901959	OK	 
REQUEST	1		request_145	1588530901183	1588530902227	OK	 
REQUEST	1		request_147	1588530901314	1588530902506	OK	 
REQUEST	1		request_149	1588530901501	1588530902543	OK	 
REQUEST	1		request_151	1588530901523	1588530902691	OK	 
REQUEST	1		request_153	1588530901826	1588530902860	OK	 
REQUEST	1		request_154	1588530901960	1588530902888	OK	 
REQUEST	1		request_155	1588530902228	1588530903090	OK	 
REQUEST	1		request_156	1588530902507	1588530903093	OK	 
REQUEST	1		request_178	1588530903093	1588530903339	OK	 
REQUEST	1		request_157	1588530902545	1588530903342	OK	 
REQUEST	1		request_158	1588530902692	1588530903460	OK	 
REQUEST	1		request_185	1588530903344	1588530903682	OK	 
REQUEST	1		request_187	1588530903461	1588530903715	OK	 
REQUEST	1		request_181	1588530903341	1588530903738	OK	 
REQUEST	1		request_163	1588530902889	1588530903786	OK	 
REQUEST	1		request_161	1588530902862	1588530903818	OK	 
REQUEST	1		request_190	1588530903716	1588530904298	OK	 
REQUEST	1		request_191	1588530903739	1588530904310	OK	 
REQUEST	1		request_171	1588530903092	1588530904387	OK	 
REQUEST	1		request_189	1588530903683	1588530904537	OK	 
REQUEST	1		request_196	1588530903820	1588530904739	OK	 
REQUEST	1		request_192	1588530903788	1588530904741	OK	 
REQUEST	1		request_201	1588530904389	1588530905066	OK	 
REQUEST	1		request_200	1588530904311	1588530905183	OK	 
REQUEST	1		request_198	1588530904300	1588530905186	OK	 
REQUEST	1		request_202	1588530904538	1588530905349	OK	 
REQUEST	1		request_203	1588530904740	1588530905527	OK	 
REQUEST	1		request_204	1588530904742	1588530905643	OK	 
REQUEST	1		request_205	1588530905067	1588530905830	OK	 
REQUEST	1		request_207	1588530905187	1588530906107	OK	 
REQUEST	1		request_206	1588530905185	1588530906145	OK	 
REQUEST	1		request_208	1588530905351	1588530906203	OK	 
REQUEST	1		request_209	1588530905529	1588530906648	OK	 
REQUEST	1		request_210	1588530905644	1588530906675	OK	 
REQUEST	1		request_211	1588530905831	1588530906677	OK	 
REQUEST	1		request_216	1588530906676	1588530906812	OK	 
REQUEST	1		request_217	1588530906678	1588530906816	OK	 
REQUEST	1		request_218	1588530906813	1588530907039	OK	 
REQUEST	1		request_222	1588530906817	1588530907043	OK	 
REQUEST	1		request_212	1588530906108	1588530907107	OK	 
REQUEST	1		request_214	1588530906204	1588530907132	OK	 
REQUEST	1		request_213	1588530906146	1588530907135	OK	 
REQUEST	1		request_223	1588530907041	1588530907189	OK	 
REQUEST	1		request_227	1588530907045	1588530907193	OK	 
REQUEST	1		request_228	1588530907109	1588530907201	OK	 
REQUEST	1		request_229	1588530907133	1588530907245	OK	 
REQUEST	1		request_230	1588530907137	1588530907251	OK	 
REQUEST	1		request_231	1588530907190	1588530907255	OK	 
REQUEST	1		request_215	1588530906649	1588530907261	OK	 
REQUEST	1		request_235	1588530907202	1588530907271	OK	 
REQUEST	1		request_234	1588530907195	1588530907273	OK	 
REQUEST	1		request_236	1588530907246	1588530907333	OK	 
REQUEST	1		request_241	1588530907272	1588530907346	OK	 
REQUEST	1		request_242	1588530907274	1588530907353	OK	 
REQUEST	1		request_240	1588530907262	1588530907356	OK	 
REQUEST	1		request_237	1588530907253	1588530907358	OK	 
REQUEST	1		request_239	1588530907256	1588530907475	OK	 
REQUEST	1		request_243	1588530907334	1588530907724	OK	 
REQUEST	1		request_247	1588530907359	1588530908301	OK	 
REQUEST	1		request_245	1588530907355	1588530908305	OK	 
REQUEST	1		request_246	1588530907357	1588530908426	OK	 
REQUEST	1		request_244	1588530907348	1588530908428	OK	 
REQUEST	1		request_248	1588530907476	1588530908450	OK	 
REQUEST	1		request_249	1588530907725	1588530908649	OK	 
REQUEST	1		request_251	1588530908307	1588530908931	OK	 
REQUEST	1		request_250	1588530908302	1588530909063	OK	 
REQUEST	1		request_253	1588530908429	1588530909387	OK	 
REQUEST	1		request_254	1588530908451	1588530909438	OK	 
REQUEST	1		request_252	1588530908427	1588530909508	OK	 
REQUEST	1		request_255	1588530908650	1588530909575	OK	 
REQUEST	1		request_256	1588530908932	1588530909763	OK	 
REQUEST	1		request_257	1588530909063	1588530909913	OK	 
REQUEST	1		request_258	1588530909389	1588530910361	OK	 
REQUEST	1		request_259	1588530909439	1588530910364	OK	 
REQUEST	1		request_260	1588530909509	1588530910371	OK	 
REQUEST	1		request_261	1588530909576	1588530910544	OK	 
REQUEST	1		request_262	1588530909764	1588530910889	OK	 
REQUEST	1		request_263	1588530909914	1588530910905	OK	 
REQUEST	1		request_266	1588530910371	1588530911255	OK	 
REQUEST	1		request_264	1588530910362	1588530911291	OK	 
REQUEST	1		request_267	1588530910545	1588530911522	OK	 
REQUEST	1		request_265	1588530910364	1588530911525	OK	 
REQUEST	1		request_272	1588530911292	1588530911527	OK	 
REQUEST	1		request_273	1588530911524	1588530911609	OK	 
REQUEST	1		request_279	1588530911611	1588530911878	OK	 
REQUEST	1		request_268	1588530910889	1588530912016	OK	 
REQUEST	1		request_269	1588530910906	1588530912019	OK	 
REQUEST	1		request_280	1588530911880	1588530912212	OK	 
REQUEST	1		request_283	1588530912020	1588530912253	OK	 
REQUEST	1		request_270	1588530911257	1588530912340	OK	 
REQUEST	1		request_278	1588530911529	1588530912384	OK	 
REQUEST	1		request_274	1588530911526	1588530912385	OK	 
REQUEST	1		request_285	1588530912253	1588530912483	OK	 
REQUEST	1		request_284	1588530912212	1588530912487	OK	 
REQUEST	1		request_282	1588530912017	1588530913112	OK	 
REQUEST	1		request_289	1588530912484	1588530913121	OK	 
REQUEST	1		request_292	1588530913122	1588530913221	OK	 
REQUEST	1		request_286	1588530912341	1588530913435	OK	 
REQUEST	1		request_290	1588530912488	1588530913472	OK	 
REQUEST	1		request_291	1588530913113	1588530913474	OK	 
REQUEST	1		request_288	1588530912385	1588530913476	OK	 
REQUEST	1		request_287	1588530912384	1588530913477	OK	 
REQUEST	1		request_293	1588530913222	1588530913578	OK	 
REQUEST	1		request_297	1588530913476	1588530913589	OK	 
REQUEST	1		request_294	1588530913436	1588530913996	OK	 
REQUEST	1		request_295	1588530913473	1588530914003	OK	 
REQUEST	1		request_296	1588530913475	1588530914532	OK	 
REQUEST	1		request_298	1588530913477	1588530914548	OK	 
REQUEST	1		request_299	1588530913579	1588530914603	OK	 
REQUEST	1		request_300	1588530913590	1588530914606	OK	 
REQUEST	1		request_301	1588530913998	1588530914843	OK	 
REQUEST	1		request_302	1588530914004	1588530914845	OK	 
REQUEST	1		request_303	1588530914533	1588530915086	OK	 
REQUEST	1		request_306	1588530914607	1588530915195	OK	 
REQUEST	1		request_305	1588530914604	1588530915204	OK	 
REQUEST	1		request_304	1588530914548	1588530915211	OK	 
REQUEST	1		request_311	1588530915205	1588530915303	OK	 
REQUEST	1		request_307	1588530914844	1588530915366	OK	 
REQUEST	1		request_309	1588530915087	1588530915383	OK	 
REQUEST	1		request_312	1588530915213	1588530915686	OK	 
REQUEST	1		request_310	1588530915197	1588530915788	OK	 
REQUEST	1		request_314 Redirect 1	1588530915385	1588530915916	KO	status.find.in(200,201,202,203,204,205,206,207,208,209,304), found 409
REQUEST	1		request_308	1588530914846	1588530915950	OK	 
REQUEST	1		request_313	1588530915367	1588530915953	OK	 
REQUEST	1		request_311	1588530915304	1588530916163	OK	 
REQUEST	1		request_315	1588530919174	1588530919664	OK	 
REQUEST	1		request_320	1588530919671	1588530920206	OK	 
REQUEST	1		request_322	1588530919673	1588530920635	OK	 
REQUEST	1		request_321	1588530919675	1588530921616	OK	 
REQUEST	1		request_319	1588530919670	1588530922122	OK	 
REQUEST	1		request_316	1588530919674	1588530922349	OK	 
REQUEST	1		request_318	1588530919673	1588530922438	OK	 
REQUEST	1		request_317	1588530919668	1588530923214	OK	 
REQUEST	1		request_323	1588530919675	1588530923225	OK	 
REQUEST	1		request_324	1588530926224	1588530927706	OK	 
REQUEST	1		request_324 Redirect 1	1588530927708	1588530928322	OK	 
REQUEST	1		request_325	1588530928330	1588530928340	OK	 
REQUEST	1		request_327	1588530928333	1588530928341	OK	 
REQUEST	1		request_326	1588530928332	1588530928341	OK	 
REQUEST	1		solid.css	1588530928334	1588530928900	OK	 
REQUEST	1		bootstrap.min.css	1588530928334	1588530929031	OK	 
REQUEST	1		auth-buttons.js	1588530928336	1588530929039	OK	 
REQUEST	1		solid-auth-client.bundle.js	1588530928335	1588530929527	OK	 
USER	downloadRoutes	1	END	1588530860845	1588530929539
