RUN	aswes1b.createRoute	createroute	1588530630674	 	3.3.1
USER	createRoute	1	START	1588530631431	1588530631431
REQUEST	1		request_0	1588530631456	1588530631469	OK	 
REQUEST	1		favicon.ico	1588530631540	1588530631545	OK	 
REQUEST	1		main.chunk.js	1588530631542	1588530631597	OK	 
REQUEST	1		request_3	1588530631547	1588530631599	OK	 
REQUEST	1		bundle.js	1588530631540	1588530631602	OK	 
REQUEST	1		request_2	1588530631543	1588530631603	OK	 
REQUEST	1		request_1	1588530631542	1588530632146	OK	 
REQUEST	1		0.chunk.js	1588530631541	1588530632170	OK	 
REQUEST	1		request_4	1588530631598	1588530632188	OK	 
REQUEST	1		request_5	1588530631601	1588530632188	OK	 
REQUEST	1		request_6	1588530633202	1588530633208	OK	 
REQUEST	1		bundle.js	1588530633219	1588530633221	OK	 
REQUEST	1		favicon.ico	1588530633218	1588530633223	OK	 
REQUEST	1		0.chunk.js	1588530633219	1588530633234	OK	 
REQUEST	1		main.chunk.js	1588530633220	1588530633235	OK	 
REQUEST	1		request_7	1588530633220	1588530633236	OK	 
REQUEST	1		request_8	1588530633221	1588530633276	OK	 
REQUEST	1		request_9	1588530633222	1588530633277	OK	 
REQUEST	1		request_11	1588530635282	1588530635704	OK	 
REQUEST	1		request_12	1588530636714	1588530637339	OK	 
REQUEST	1		request_12 Redirect 1	1588530637344	1588530637786	OK	 
REQUEST	1		solid.css	1588530637836	1588530643280	OK	 
REQUEST	1		bootstrap.min.css	1588530637835	1588530643316	OK	 
REQUEST	1		request_13	1588530663333	1588530663955	OK	 
REQUEST	1		request_13 Redirect 1	1588530663980	1588530664226	OK	 
REQUEST	1		request_13 Redirect 2	1588530664228	1588530664576	OK	 
REQUEST	1		request_14	1588530664588	1588530664611	OK	 
REQUEST	1		request_15	1588530664590	1588530664614	OK	 
REQUEST	1		request_17	1588530664593	1588530664616	OK	 
REQUEST	1		request_18	1588530664594	1588530664616	OK	 
REQUEST	1		request_19	1588530664595	1588530664617	OK	 
REQUEST	1		request_16	1588530664591	1588530664617	OK	 
REQUEST	1		request_21	1588530664615	1588530664661	OK	 
REQUEST	1		request_20	1588530664612	1588530664662	OK	 
REQUEST	1		request_22	1588530667673	1588530667679	OK	 
REQUEST	1		request_26	1588530667762	1588530667764	OK	 
REQUEST	1		request_23	1588530667761	1588530667765	OK	 
REQUEST	1		request_24	1588530667762	1588530667766	OK	 
REQUEST	1		request_25	1588530667762	1588530667766	OK	 
REQUEST	1		request_34	1588530667754	1588530668966	OK	 
REQUEST	1		request_37	1588530667758	1588530669076	OK	 
REQUEST	1		request_45	1588530667756	1588530669134	OK	 
REQUEST	1		request_31	1588530667757	1588530669162	OK	 
REQUEST	1		request_39	1588530667758	1588530669186	OK	 
REQUEST	1		request_29	1588530667688	1588530669198	OK	 
REQUEST	1		request_28	1588530667760	1588530669209	OK	 
REQUEST	1		request_27	1588530667759	1588530669219	OK	 
REQUEST	1		request_42	1588530667761	1588530669257	OK	 
REQUEST	1		request_30	1588530667753	1588530669311	OK	 
REQUEST	1		request_41	1588530667759	1588530669329	OK	 
REQUEST	1		request_38	1588530667761	1588530669601	OK	 
REQUEST	1		request_33	1588530667760	1588530669654	OK	 
REQUEST	1		request_35	1588530667760	1588530669664	OK	 
REQUEST	1		request_32	1588530667757	1588530669666	OK	 
REQUEST	1		request_36	1588530667755	1588530669917	OK	 
REQUEST	1		request_43	1588530669211	1588530669945	OK	 
REQUEST	1		request_46	1588530668967	1588530670141	OK	 
REQUEST	1		request_40	1588530667759	1588530670174	OK	 
REQUEST	1		request_44	1588530667756	1588530670485	OK	 
REQUEST	1		request_47	1588530679482	1588530679494	OK	 
REQUEST	1		request_48	1588530679498	1588530680107	OK	 
REQUEST	1		request_49	1588530679498	1588530680374	OK	 
REQUEST	1		request_51	1588530679499	1588530680457	OK	 
REQUEST	1		request_50	1588530679499	1588530680492	OK	 
REQUEST	1		request_52	1588530683493	1588530683891	OK	 
REQUEST	1		request_52 Redirect 1	1588530683892	1588530684062	OK	 
REQUEST	1		request_53	1588530684068	1588530684072	OK	 
REQUEST	1		request_54	1588530684069	1588530684074	OK	 
REQUEST	1		request_55	1588530684069	1588530684074	OK	 
REQUEST	1		bootstrap.min.css	1588530684070	1588530684541	OK	 
REQUEST	1		solid.css	1588530684070	1588530684629	OK	 
REQUEST	1		auth-buttons.js	1588530684071	1588530684635	OK	 
REQUEST	1		solid-auth-client.bundle.js	1588530684071	1588530685083	OK	 
USER	createRoute	1	END	1588530631431	1588530685096
